<?xml version="1.0" encoding="UTF-8"?>
<!-- Generated by org.testng.reporters.JUnitXMLReporter -->
<testsuite hostname="LAPTOP-HP8IAB28" ignored="0" name="Default test" tests="3" failures="0" timestamp="10 Aug 2020 13:55:49 GMT" time="29.348" errors="0">
  <testcase name="login" time="11.483" classname="org.testng.PriorityClass"/>
  <testcase name="login" time="7.032" classname="org.testng.PriorityClass"/>
  <testcase name="login" time="10.79" classname="org.testng.PriorityClass"/>
</testsuite> <!-- Default test -->
